<?xml version="1.0" encoding="UTF-8"?>
<testng-results skipped="0" failed="0" ignored="0" total="2" passed="2">
  <reporter-output>
  </reporter-output>
  <suite name="Default suite" duration-ms="1916" started-at="2018-12-24T03:03:48Z" finished-at="2018-12-24T03:03:50Z">
    <groups>
    </groups>
    <test name="Default test" duration-ms="1916" started-at="2018-12-24T03:03:48Z" finished-at="2018-12-24T03:03:50Z">
      <class name="demo.DemoTestDataProvider">
        <test-method status="PASS" signature="printTestData([Ljava.lang.String;)[pri:0, instance:demo.DemoTestDataProvider@66a3ffec]" name="printTestData" duration-ms="25" started-at="2018-12-24T03:03:50Z" data-provider="getTestData" finished-at="2018-12-24T03:03:50Z">
          <params>
            <param index="0">
              <value>
                <![CDATA[[Ljava.lang.String;@2b71e916]]>
              </value>
            </param>
          </params>
          <reporter-output>
          </reporter-output>
        </test-method> <!-- printTestData -->
        <test-method status="PASS" signature="printTestData([Ljava.lang.String;)[pri:0, instance:demo.DemoTestDataProvider@66a3ffec]" name="printTestData" duration-ms="6" started-at="2018-12-24T03:03:50Z" data-provider="getTestData" finished-at="2018-12-24T03:03:50Z">
          <params>
            <param index="0">
              <value>
                <![CDATA[[Ljava.lang.String;@36fc695d]]>
              </value>
            </param>
          </params>
          <reporter-output>
          </reporter-output>
        </test-method> <!-- printTestData -->
      </class> <!-- demo.DemoTestDataProvider -->
    </test> <!-- Default test -->
  </suite> <!-- Default suite -->
</testng-results>
