<?xml version="1.0" encoding="UTF-8"?>
<!-- Generated by org.testng.reporters.JUnitXMLReporter -->
<testsuite hostname="DESKTOP-R0QK2O8" ignored="0" name="Test" tests="1" failures="1" timestamp="24 Dec 2018 01:43:04 GMT" time="26.182" errors="0">
  <testcase name="verifyLoginToApplication" time="5.685" classname="com.mercuryTravel.tests.HomePageTests">
    <failure type="java.lang.AssertionError" message="expected [Welcome, Saurabh] but found [Welcome, Saurabh 1]">
      <![CDATA[java.lang.AssertionError: expected [Welcome, Saurabh] but found [Welcome, Saurabh 1]
at com.mercuryTravel.tests.HomePageTests.verifyLoginToApplication(HomePageTests.java:26)
... Removed 31 stack frames]]>
    </failure>
  </testcase> <!-- verifyLoginToApplication -->
</testsuite> <!-- Test -->
